<?xml version="1.0" encoding="UTF-8"?>
<!-- Generated by org.testng.reporters.JUnitXMLReporter -->
<testsuite ignored="0" hostname="BBMDVPAYZAPP" failures="0" tests="3" name="Default test" time="3.426" errors="0" timestamp="2025-03-11T19:51:30 IST">
  <testcase classname="day15.ExtentTestListerner" name="testMethod" time="0.013"/>
  <testcase classname="day15.ExtentTestListerner" name="testMethod2" time="0.002"/>
  <testcase classname="day15.ExtentTestListerner" name="verifyTitle" time="2.729"/>
</testsuite> <!-- Default test -->
