<?xml version="1.0" encoding="UTF-8"?>
<!-- Generated by org.testng.reporters.JUnitXMLReporter -->
<testsuite ignored="0" hostname="BBMDVPAYZAPP" failures="0" tests="4" name="Parallel Tests" time="0.052" errors="0" timestamp="2025-03-05T20:55:48 IST">
  <testcase classname="day13.ParralelTest" name="testSentItem" time="0.006"/>
  <testcase classname="day13.ParralelTest" name="sendEmail" time="0.005"/>
  <testcase classname="day13.ParralelTest" name="clearSpamEmail" time="0.007"/>
  <testcase classname="day13.ParralelTest" name="composeEmail" time="0.008"/>
</testsuite> <!-- Parallel Tests -->
