<?xml version="1.0" encoding="UTF-8"?>
<!-- Generated by org.testng.reporters.JUnitXMLReporter -->
<testsuite ignored="0" hostname="BBMDVPAYZAPP" failures="0" tests="4" name="Test" time="0.043" errors="0" timestamp="2025-03-05T20:46:22 IST">
  <testcase classname="day13.ParralelTest" name="clearSpamEmail" time="0.004"/>
  <testcase classname="day13.ParralelTest" name="composeEmail" time="0.001"/>
  <testcase classname="day13.ParralelTest" name="sendEmail" time="0.0"/>
  <testcase classname="day13.ParralelTest" name="testSentItem" time="0.0"/>
</testsuite> <!-- Test -->
