<?xml version="1.0" encoding="UTF-8"?>
<!-- Generated by org.testng.reporters.JUnitXMLReporter -->
<testsuite ignored="3" hostname="BBMDVPAYZAPP" failures="0" tests="2" name="Test" time="0.06" errors="0" timestamp="2025-03-11T12:23:38 IST">
  <testcase classname="day13.GroupTest" name="browserLaunched" time="0.008"/>
  <testcase classname="day13.SendEmailTest" name="sendEmail" time="0.002"/>
  <testcase classname="day13.GroupTest" name="validloginTest" time="0.0">
    <ignored/>
  </testcase> <!-- validloginTest -->
  <testcase classname="day13.GroupTest" name="invalidLoginTest" time="0.0">
    <ignored/>
  </testcase> <!-- invalidLoginTest -->
  <testcase classname="day13.GroupTest" name="blockedUserLoginTest" time="0.0">
    <ignored/>
  </testcase> <!-- blockedUserLoginTest -->
</testsuite> <!-- Test -->
