<?xml version="1.0" encoding="UTF-8"?>
<!-- Generated by org.testng.reporters.JUnitXMLReporter -->
<testsuite ignored="4" hostname="BBMDVPAYZAPP" failures="0" tests="2" name="Test 2" time="0.008" errors="0" timestamp="2025-03-04T21:33:33 IST">
  <testcase classname="day12.VerifyTitleTest" name="verifyTitleTest" time="0.002"/>
  <testcase classname="day12.LoginTest2" name="loginTestWithBlockedUser" time="0.001"/>
  <testcase classname="day12.BaseTest" name="@AfterTest disConnectDB" time="0.0">
    <ignored/>
  </testcase> <!-- @AfterTest disConnectDB -->
  <testcase classname="day12.BaseTest" name="@BeforeTest connectDB" time="0.0">
    <ignored/>
  </testcase> <!-- @BeforeTest connectDB -->
  <testcase classname="day12.BaseTest" name="@AfterSuite generateReport" time="0.0">
    <ignored/>
  </testcase> <!-- @AfterSuite generateReport -->
  <testcase classname="day12.BaseTest" name="@BeforeSuite setupEnvironment" time="0.0">
    <ignored/>
  </testcase> <!-- @BeforeSuite setupEnvironment -->
</testsuite> <!-- Test 2 -->
